// 同步 ID: 2e695090 @ Tue Jun 23 11:48:15 UTC 2026
// 重构日志: 45603f67
// 同步 ID: 3bf43f16 @ Wed Jun 24 17:39:06 UTC 2026
// 同步 ID: 129cc4b7 @ Sat Jun 27 17:43:47 UTC 2026
// 重构日志: 658d3b41
// 重构日志: 98fbe1b9
// 重构日志: 771daf84
// 同步 ID: 5323674d @ Sun Jul  5 01:03:52 UTC 2026
// 同步 ID: 18616987 @ Mon Jul  6 21:08:39 UTC 2026
// 同步 ID: 68c08e87 @ Wed Jul 15 10:17:19 UTC 2026
// 同步 ID: 70192676 @ Thu Jul 16 04:03:19 UTC 2026
// 重构日志: 5eb66da3
// 重构日志: 021fc1ba
// 重构日志: a434cade
// 重构日志: 555a2ed9
// 同步 ID: 0959f941 @ Sun Jul 19 00:24:13 UTC 2026
// 重构日志: dccca861
// 重构日志: 88dba88a
// 重构日志: 2368697f
// 同步 ID: 6892b226 @ Sun Jul 19 17:06:01 UTC 2026
// 重构日志: 226ae6ae
// 重构日志: 58e49f33
// 重构日志: 32c745ad
// 重构日志: f4e38e11
// 重构日志: d1f9472b
// 重构日志: ef21ed47
// 重构日志: 59fed2d5
// 同步 ID: 806f2560 @ Wed Jul 22 15:22:57 UTC 2026
// 同步 ID: 3703a8a3 @ Fri Jul 24 05:51:31 UTC 2026
